<?xml version="1.0" encoding="UTF-8"?>
<!-- Generated by org.testng.reporters.JUnitXMLReporter -->
<testsuite hostname="BRILAP1668" ignored="1" name="Default test" tests="3" failures="0" timestamp="15 Nov 2022 17:51:08 GMT" time="73.392" errors="0">
  <testcase name="invalidCredentialTest" time="4.649" classname="com.brillio.test.Login"/>
  <testcase name="invalidCredentialTest" time="3.386" classname="com.brillio.test.Login"/>
  <testcase name="invalidCredentialTest" time="3.385" classname="com.brillio.test.Login"/>
  <testcase name="validCredentialTest" time="0.0" classname="com.brillio.test.Login">
    <ignored/>
  </testcase> <!-- validCredentialTest -->
</testsuite> <!-- Default test -->
