<?xml version="1.0" encoding="UTF-8"?>
<!-- Generated by org.testng.reporters.JUnitXMLReporter -->
<testsuite hostname="BRILAP1668" ignored="1" name="Default test" tests="2" failures="0" timestamp="17 Nov 2022 14:08:06 GMT" time="48.669" errors="0">
  <testcase name="validCredentialTest" time="13.808" classname="com.brillio.test.Login"/>
  <testcase name="validCredentialTest" time="7.504" classname="com.brillio.test.Login"/>
  <testcase name="invalidCredentialTest" time="0.0" classname="com.brillio.test.Login">
    <ignored/>
  </testcase> <!-- invalidCredentialTest -->
</testsuite> <!-- Default test -->
