<?xml version="1.0" encoding="UTF-8"?>
<!-- Generated by org.testng.reporters.JUnitXMLReporter -->
<testsuite hostname="BRILAP1668" ignored="0" name="OpenEMR Test2" tests="1" failures="1" timestamp="18 Nov 2022 10:50:39 GMT" time="6.421" errors="0">
  <testcase name="validateLoginTitle" time="0.035" classname="com.brillio.test.LoginUITest">
    <failure type="java.lang.AssertionError" message="expected [OpenEMR Login] but found [502 Bad Gateway]">
      <![CDATA[java.lang.AssertionError: expected [OpenEMR Login] but found [502 Bad Gateway]
at com.brillio.test.LoginUITest.validateLoginTitle(LoginUITest.java:13)
... Removed 31 stack frames]]>
    </failure>
  </testcase> <!-- validateLoginTitle -->
</testsuite> <!-- OpenEMR Test2 -->
